{
  "0 debug pnpm:scope": {
    "selected": 1
  },
  "1 info pnpm": {
    "message": "Using hooks from: C:\\Users\\Leinier\\Desktop\\my-app\\pnpmfile.js",
    "prefix": "C:\\Users\\Leinier\\Desktop\\my-app"
  },
  "2 info pnpm": {
    "message": "readPackage hook is declared. Manifests of dependencies might get overridden",
    "prefix": "C:\\Users\\Leinier\\Desktop\\my-app"
  },
  "3 debug pnpm:package-manifest": {
    "initial": {
      "name": "no-name",
      "license": "UNLICENSED",
      "dependencies": {
        "@polymer/iron-icon": "3.0.1",
        "@polymer/iron-list": "3.1.0",
        "@polymer/polymer": "3.2.0",
        "@vaadin/accordion": "22.0.0",
        "@vaadin/app-layout": "22.0.0",
        "@vaadin/avatar": "22.0.0",
        "@vaadin/avatar-group": "22.0.0",
        "@vaadin/board": "22.0.0",
        "@vaadin/button": "22.0.0",
        "@vaadin/charts": "22.0.0",
        "@vaadin/checkbox": "22.0.0",
        "@vaadin/checkbox-group": "22.0.0",
        "@vaadin/combo-box": "22.0.0",
        "@vaadin/common-frontend": "0.0.17",
        "@vaadin/confirm-dialog": "22.0.0",
        "@vaadin/context-menu": "22.0.0",
        "@vaadin/cookie-consent": "22.0.0",
        "@vaadin/crud": "22.0.0",
        "@vaadin/custom-field": "22.0.0",
        "@vaadin/date-picker": "22.0.0",
        "@vaadin/date-time-picker": "22.0.0",
        "@vaadin/details": "22.0.0",
        "@vaadin/dialog": "22.0.0",
        "@vaadin/email-field": "22.0.0",
        "@vaadin/flow-frontend": "./target/flow-frontend",
        "@vaadin/form": "0.0.15",
        "@vaadin/form-layout": "22.0.0",
        "@vaadin/fusion-frontend": "0.0.15",
        "@vaadin/grid": "22.0.0",
        "@vaadin/grid-pro": "22.0.0",
        "@vaadin/horizontal-layout": "22.0.0",
        "@vaadin/icon": "22.0.0",
        "@vaadin/icons": "22.0.0",
        "@vaadin/integer-field": "22.0.0",
        "@vaadin/item": "22.0.0",
        "@vaadin/list-box": "22.0.0",
        "@vaadin/login": "22.0.0",
        "@vaadin/menu-bar": "22.0.0",
        "@vaadin/message-input": "22.0.0",
        "@vaadin/message-list": "22.0.0",
        "@vaadin/notification": "22.0.0",
        "@vaadin/number-field": "22.0.0",
        "@vaadin/password-field": "22.0.0",
        "@vaadin/polymer-legacy-adapter": "22.0.0",
        "@vaadin/progress-bar": "22.0.0",
        "@vaadin/radio-group": "22.0.0",
        "@vaadin/rich-text-editor": "22.0.0",
        "@vaadin/router": "1.7.4",
        "@vaadin/scroller": "22.0.0",
        "@vaadin/select": "22.0.0",
        "@vaadin/split-layout": "22.0.0",
        "@vaadin/tabs": "22.0.0",
        "@vaadin/text-area": "22.0.0",
        "@vaadin/text-field": "22.0.0",
        "@vaadin/time-picker": "22.0.0",
        "@vaadin/upload": "22.0.0",
        "@vaadin/vaadin-accordion": "22.0.0",
        "@vaadin/vaadin-app-layout": "22.0.0",
        "@vaadin/vaadin-avatar": "22.0.0",
        "@vaadin/vaadin-board": "22.0.0",
        "@vaadin/vaadin-button": "22.0.0",
        "@vaadin/vaadin-charts": "22.0.0",
        "@vaadin/vaadin-checkbox": "22.0.0",
        "@vaadin/vaadin-combo-box": "22.0.0",
        "@vaadin/vaadin-confirm-dialog": "22.0.0",
        "@vaadin/vaadin-context-menu": "22.0.0",
        "@vaadin/vaadin-cookie-consent": "22.0.0",
        "@vaadin/vaadin-core-shrinkwrap": "22.0.0",
        "@vaadin/vaadin-crud": "22.0.0",
        "@vaadin/vaadin-custom-field": "22.0.0",
        "@vaadin/vaadin-date-picker": "22.0.0",
        "@vaadin/vaadin-date-time-picker": "22.0.0",
        "@vaadin/vaadin-details": "22.0.0",
        "@vaadin/vaadin-dialog": "22.0.0",
        "@vaadin/vaadin-form-layout": "22.0.0",
        "@vaadin/vaadin-grid": "22.0.0",
        "@vaadin/vaadin-grid-pro": "22.0.0",
        "@vaadin/vaadin-icon": "22.0.0",
        "@vaadin/vaadin-icons": "22.0.0",
        "@vaadin/vaadin-item": "22.0.0",
        "@vaadin/vaadin-list-box": "22.0.0",
        "@vaadin/vaadin-login": "22.0.0",
        "@vaadin/vaadin-lumo-styles": "22.0.0",
        "@vaadin/vaadin-material-styles": "22.0.0",
        "@vaadin/vaadin-menu-bar": "22.0.0",
        "@vaadin/vaadin-messages": "22.0.0",
        "@vaadin/vaadin-notification": "22.0.0",
        "@vaadin/vaadin-ordered-layout": "22.0.0",
        "@vaadin/vaadin-progress-bar": "22.0.0",
        "@vaadin/vaadin-radio-button": "22.0.0",
        "@vaadin/vaadin-rich-text-editor": "22.0.0",
        "@vaadin/vaadin-select": "22.0.0",
        "@vaadin/vaadin-shrinkwrap": "22.0.0",
        "@vaadin/vaadin-split-layout": "22.0.0",
        "@vaadin/vaadin-tabs": "22.0.0",
        "@vaadin/vaadin-text-field": "22.0.0",
        "@vaadin/vaadin-themable-mixin": "22.0.0",
        "@vaadin/vaadin-time-picker": "22.0.0",
        "@vaadin/vaadin-upload": "22.0.0",
        "@vaadin/vaadin-virtual-list": "22.0.0",
        "@vaadin/vertical-layout": "22.0.0",
        "@vaadin/virtual-list": "22.0.0",
        "construct-style-sheets-polyfill": "3.0.4",
        "date-fns": "2.23.0",
        "line-awesome": "1.3.0",
        "lit": "2.0.0"
      },
      "devDependencies": {
        "@vaadin/application-theme-plugin": "./target/plugins/application-theme-plugin",
        "@vaadin/build-status-plugin": "./target/plugins/build-status-plugin",
        "@vaadin/theme-live-reload-plugin": "./target/plugins/theme-live-reload-plugin",
        "@vaadin/theme-loader": "./target/plugins/theme-loader",
        "glob": "7.1.6",
        "mkdirp": "1.0.4",
        "rollup-plugin-brotli": "3.1.0",
        "typescript": "4.4.3",
        "vite": "v2.7.0-beta.8",
        "vite-plugin-checker": "0.3.4",
        "workbox-core": "6.2.0",
        "workbox-precaching": "6.2.0"
      },
      "vaadin": {
        "dependencies": {
          "@polymer/iron-icon": "3.0.1",
          "@polymer/iron-list": "3.1.0",
          "@polymer/polymer": "3.2.0",
          "@vaadin/accordion": "22.0.0",
          "@vaadin/app-layout": "22.0.0",
          "@vaadin/avatar": "22.0.0",
          "@vaadin/avatar-group": "22.0.0",
          "@vaadin/board": "22.0.0",
          "@vaadin/button": "22.0.0",
          "@vaadin/charts": "22.0.0",
          "@vaadin/checkbox": "22.0.0",
          "@vaadin/checkbox-group": "22.0.0",
          "@vaadin/combo-box": "22.0.0",
          "@vaadin/common-frontend": "0.0.17",
          "@vaadin/confirm-dialog": "22.0.0",
          "@vaadin/context-menu": "22.0.0",
          "@vaadin/cookie-consent": "22.0.0",
          "@vaadin/crud": "22.0.0",
          "@vaadin/custom-field": "22.0.0",
          "@vaadin/date-picker": "22.0.0",
          "@vaadin/date-time-picker": "22.0.0",
          "@vaadin/details": "22.0.0",
          "@vaadin/dialog": "22.0.0",
          "@vaadin/email-field": "22.0.0",
          "@vaadin/form": "0.0.15",
          "@vaadin/form-layout": "22.0.0",
          "@vaadin/fusion-frontend": "0.0.15",
          "@vaadin/grid": "22.0.0",
          "@vaadin/grid-pro": "22.0.0",
          "@vaadin/horizontal-layout": "22.0.0",
          "@vaadin/icon": "22.0.0",
          "@vaadin/icons": "22.0.0",
          "@vaadin/integer-field": "22.0.0",
          "@vaadin/item": "22.0.0",
          "@vaadin/list-box": "22.0.0",
          "@vaadin/login": "22.0.0",
          "@vaadin/menu-bar": "22.0.0",
          "@vaadin/message-input": "22.0.0",
          "@vaadin/message-list": "22.0.0",
          "@vaadin/notification": "22.0.0",
          "@vaadin/number-field": "22.0.0",
          "@vaadin/password-field": "22.0.0",
          "@vaadin/polymer-legacy-adapter": "22.0.0",
          "@vaadin/progress-bar": "22.0.0",
          "@vaadin/radio-group": "22.0.0",
          "@vaadin/rich-text-editor": "22.0.0",
          "@vaadin/router": "1.7.4",
          "@vaadin/scroller": "22.0.0",
          "@vaadin/select": "22.0.0",
          "@vaadin/split-layout": "22.0.0",
          "@vaadin/tabs": "22.0.0",
          "@vaadin/text-area": "22.0.0",
          "@vaadin/text-field": "22.0.0",
          "@vaadin/time-picker": "22.0.0",
          "@vaadin/upload": "22.0.0",
          "@vaadin/vaadin-accordion": "22.0.0",
          "@vaadin/vaadin-app-layout": "22.0.0",
          "@vaadin/vaadin-avatar": "22.0.0",
          "@vaadin/vaadin-board": "22.0.0",
          "@vaadin/vaadin-button": "22.0.0",
          "@vaadin/vaadin-charts": "22.0.0",
          "@vaadin/vaadin-checkbox": "22.0.0",
          "@vaadin/vaadin-combo-box": "22.0.0",
          "@vaadin/vaadin-confirm-dialog": "22.0.0",
          "@vaadin/vaadin-context-menu": "22.0.0",
          "@vaadin/vaadin-cookie-consent": "22.0.0",
          "@vaadin/vaadin-core-shrinkwrap": "22.0.0",
          "@vaadin/vaadin-crud": "22.0.0",
          "@vaadin/vaadin-custom-field": "22.0.0",
          "@vaadin/vaadin-date-picker": "22.0.0",
          "@vaadin/vaadin-date-time-picker": "22.0.0",
          "@vaadin/vaadin-details": "22.0.0",
          "@vaadin/vaadin-dialog": "22.0.0",
          "@vaadin/vaadin-form-layout": "22.0.0",
          "@vaadin/vaadin-grid": "22.0.0",
          "@vaadin/vaadin-grid-pro": "22.0.0",
          "@vaadin/vaadin-icon": "22.0.0",
          "@vaadin/vaadin-icons": "22.0.0",
          "@vaadin/vaadin-item": "22.0.0",
          "@vaadin/vaadin-list-box": "22.0.0",
          "@vaadin/vaadin-login": "22.0.0",
          "@vaadin/vaadin-lumo-styles": "22.0.0",
          "@vaadin/vaadin-material-styles": "22.0.0",
          "@vaadin/vaadin-menu-bar": "22.0.0",
          "@vaadin/vaadin-messages": "22.0.0",
          "@vaadin/vaadin-notification": "22.0.0",
          "@vaadin/vaadin-ordered-layout": "22.0.0",
          "@vaadin/vaadin-progress-bar": "22.0.0",
          "@vaadin/vaadin-radio-button": "22.0.0",
          "@vaadin/vaadin-rich-text-editor": "22.0.0",
          "@vaadin/vaadin-select": "22.0.0",
          "@vaadin/vaadin-shrinkwrap": "22.0.0",
          "@vaadin/vaadin-split-layout": "22.0.0",
          "@vaadin/vaadin-tabs": "22.0.0",
          "@vaadin/vaadin-text-field": "22.0.0",
          "@vaadin/vaadin-themable-mixin": "22.0.0",
          "@vaadin/vaadin-time-picker": "22.0.0",
          "@vaadin/vaadin-upload": "22.0.0",
          "@vaadin/vaadin-virtual-list": "22.0.0",
          "@vaadin/vertical-layout": "22.0.0",
          "@vaadin/virtual-list": "22.0.0",
          "construct-style-sheets-polyfill": "3.0.4",
          "date-fns": "2.23.0",
          "line-awesome": "1.3.0",
          "lit": "2.0.0"
        },
        "devDependencies": {
          "glob": "7.1.6",
          "mkdirp": "1.0.4",
          "rollup-plugin-brotli": "3.1.0",
          "typescript": "4.4.3",
          "vite": "v2.7.0-beta.8",
          "vite-plugin-checker": "0.3.4",
          "workbox-core": "6.2.0",
          "workbox-precaching": "6.2.0"
        },
        "hash": "5476ca22c96f88186d9cb519e193c5a275f69d02f21b7c11cfa602ff311ace4c"
      }
    },
    "prefix": "C:\\Users\\Leinier\\Desktop\\my-app"
  },
  "4 debug pnpm:context": {
    "currentLockfileExists": false,
    "storeDir": "C:\\Users\\Leinier\\.pnpm-store\\v3",
    "virtualStoreDir": "C:\\Users\\Leinier\\Desktop\\my-app\\node_modules\\.pnpm"
  },
  "5 debug pnpm:stage": {
    "prefix": "C:\\Users\\Leinier\\Desktop\\my-app",
    "stage": "resolution_started"
  },
  "6 error pnpm": {
    "message": {
      "code": "ERR_PNPM_NO_IMPORTER_MANIFEST_FOUND",
      "pkgsStack": []
    },
    "err": {
      "name": "Error",
      "message": "No package.json (or package.yaml, or package.json5) was found in \"C:\\Users\\Leinier\\Desktop\\my-app\\target\\plugins\\application-theme-plugin\".",
      "code": "ERR_PNPM_NO_IMPORTER_MANIFEST_FOUND",
      "stack": "Error: No package.json (or package.yaml, or package.json5) was found in \"C:\\Users\\Leinier\\Desktop\\my-app\\target\\plugins\\application-theme-plugin\".\n    at readProjectManifest (C:\\Users\\Leinier\\AppData\\Local\\npm-cache\\_npx\\2466cc05178912a5\\node_modules\\pnpm\\dist\\pnpm.js:43174:11)\n    at async Object.readProjectManifestOnly (C:\\Users\\Leinier\\AppData\\Local\\npm-cache\\_npx\\2466cc05178912a5\\node_modules\\pnpm\\dist\\pnpm.js:43178:24)\n    at async Object.resolveLocal [as default] (C:\\Users\\Leinier\\AppData\\Local\\npm-cache\\_npx\\2466cc05178912a5\\node_modules\\pnpm\\dist\\pnpm.js:72178:33)\n    at async Object.resolve (C:\\Users\\Leinier\\AppData\\Local\\npm-cache\\_npx\\2466cc05178912a5\\node_modules\\pnpm\\dist\\pnpm.js:73098:307)\n    at async run (C:\\Users\\Leinier\\AppData\\Local\\npm-cache\\_npx\\2466cc05178912a5\\node_modules\\pnpm\\dist\\pnpm.js:83441:21)"
    }
  }
}